\BOOKMARK [0][-]{Doc-Start}{Abstract}{}% 1
\BOOKMARK [0][-]{Doc-Start}{Acknowledgements}{}% 2
\BOOKMARK [0][-]{chapter.1}{Chapter 1. Literature Review and Research Overview}{}% 3
\BOOKMARK [1][-]{section.1.1}{1.1. The Environmental Selenium Problem}{chapter.1}% 4
\BOOKMARK [1][-]{section.1.2}{1.2. Major \040Se Cycle Processes in the Environment.}{chapter.1}% 5
\BOOKMARK [1][-]{section.1.3}{1.3. Water Balance Methods for Estimating NPS Return Flows to Streams}{chapter.1}% 6
\BOOKMARK [1][-]{section.1.4}{1.4. Mass Balance Methods for Estimating NPS Solute Loading to Streams}{chapter.1}% 7
\BOOKMARK [1][-]{section.1.5}{1.5. Previous Related Studies in Colorado's Lower Arkansas River Valley}{chapter.1}% 8
\BOOKMARK [1][-]{section.1.6}{1.6. Goals and Objectives of this Study}{chapter.1}% 9
\BOOKMARK [0][-]{chapter.2}{Chapter 2. Study Regions}{}% 10
\BOOKMARK [1][-]{section.2.1}{2.1. Overview of the Lower Arkansas River Valley in Colorado}{chapter.2}% 11
\BOOKMARK [1][-]{section.2.2}{2.2. Upstream Study Reach and Surrounding Region}{chapter.2}% 12
\BOOKMARK [1][-]{section.2.3}{2.3. Downstream Study Reach and Surrounding Region}{chapter.2}% 13
\BOOKMARK [0][-]{chapter.3}{Chapter 3. Data Collection and Compilation}{}% 14
\BOOKMARK [1][-]{section.3.1}{3.1. Water Quality Data Collection}{chapter.3}% 15
\BOOKMARK [1][-]{section.3.2}{3.2. River Cross-Section Geometry Survey}{chapter.3}% 16
\BOOKMARK [1][-]{section.3.3}{3.3. Data Compiled from Other Sources}{chapter.3}% 17
\BOOKMARK [0][-]{chapter.4}{Chapter 4. Evaluation of NPS Return Flow to the River Using a Water Balance Model}{}% 18
\BOOKMARK [1][-]{section.4.1}{4.1. Water Balance Model Applied to the LARV}{chapter.4}% 19
\BOOKMARK [1][-]{section.4.2}{4.2. Stochastic and Deterministic Models}{chapter.4}% 20
\BOOKMARK [1][-]{section.4.3}{4.3. Error and Uncertainty.}{chapter.4}% 21
\BOOKMARK [1][-]{section.4.4}{4.4. River Storage Change}{chapter.4}% 22
\BOOKMARK [1][-]{section.4.5}{4.5. Gauged Stream Flows and Diverted Canal Flows}{chapter.4}% 23
\BOOKMARK [1][-]{section.4.6}{4.6. Atmospheric Contributions to the Water Balance Models}{chapter.4}% 24
\BOOKMARK [1][-]{section.4.7}{4.7. Results of Calculated Unaccounted for Return Flows}{chapter.4}% 25
\BOOKMARK [0][-]{chapter.5}{Chapter 5. Evaluation of NPS Selenium Loading to the River Using a Mass Balance Model}{}% 26
\BOOKMARK [1][-]{section.5.1}{5.1. Mass Balance Model Applied to the LARV}{chapter.5}% 27
\BOOKMARK [1][-]{section.5.2}{5.2. Mass Storage Change}{chapter.5}% 28
\BOOKMARK [1][-]{section.5.3}{5.3. Mass Transport in Gauged Streams and Diverted Canals}{chapter.5}% 29
\BOOKMARK [1][-]{section.5.4}{5.4. Results of Calculated Unaccounted for Return Loading}{chapter.5}% 30
\BOOKMARK [0][-]{chapter.6}{Chapter 6. Sensitivity Analysis}{}% 31
\BOOKMARK [1][-]{section.6.1}{6.1. Sensitivity Analysis Purpose, Scope, and Methodology}{chapter.6}% 32
\BOOKMARK [1][-]{section.6.2}{6.2. Sensitivity Analysis Results}{chapter.6}% 33
\BOOKMARK [0][-]{chapter.7}{Chapter 6. Conclusion and Recommendations}{}% 34
\BOOKMARK [1][-]{section.7.1}{6.1. Unaccounted for Return Flow Conclusions}{chapter.7}% 35
\BOOKMARK [1][-]{section.7.2}{6.2. Unaccounted for Return Mass Loading Conclusions}{chapter.7}% 36
\BOOKMARK [1][-]{section.7.3}{6.3. Unaccounted for Return Flow and Mass Loading Hypotheses}{chapter.7}% 37
\BOOKMARK [1][-]{section.7.4}{6.4. Recommendations}{chapter.7}% 38
\BOOKMARK [0][-]{chapter*.286}{References}{}% 39
